<?xml version="1.0" encoding="UTF-8"?>
<!-- Generated by org.testng.reporters.JUnitReportReporter -->
<testsuite hostname="DESKTOP-LUHM09Q" failures="0" tests="1" name="restassured.BookesSeats" time="4.285" errors="0" timestamp="2023-09-21T22:16:08 PDT" skipped="0">
  <testcase classname="restassured.BookesSeats" name="Flyaway_booking" time="4.285"/>
</testsuite> <!-- restassured.BookesSeats -->
