<?xml version="1.0" encoding="UTF-8"?>
<!-- Generated by org.testng.reporters.JUnitReportReporter -->
<testsuite hostname="DESKTOP-LUHM09Q" failures="0" tests="1" name="restassured.Flights" time="3.986" errors="0" timestamp="2023-09-21T22:16:48 PDT" skipped="0">
  <testcase classname="restassured.Flights" name="FlightsBooking" time="3.986"/>
</testsuite> <!-- restassured.Flights -->
