<?xml version="1.0" encoding="UTF-8"?>
<!-- Generated by org.testng.reporters.JUnitReportReporter -->
<testsuite hostname="DESKTOP-LUHM09Q" failures="0" tests="1" name="TestCases.Signupforsignup" time="4.957" errors="0" timestamp="2023-09-20T23:32:20 PDT" skipped="0">
  <testcase classname="TestCases.Signupforsignup" name="SignupChain" time="4.957"/>
</testsuite> <!-- TestCases.Signupforsignup -->
