<?xml version="1.0" encoding="UTF-8"?>
<!-- Generated by org.testng.reporters.JUnitReportReporter -->
<testsuite hostname="DESKTOP-LUHM09Q" failures="0" tests="1" name="TestCases.LoginforLogin" time="0.522" errors="0" timestamp="2023-09-20T23:33:14 PDT" skipped="0">
  <testcase classname="TestCases.LoginforLogin" name="LoginChain" time="0.522"/>
</testsuite> <!-- TestCases.LoginforLogin -->
